[debug] [2025-04-21T01:56:28.492Z] ----------------------------------------------------------------------
[debug] [2025-04-21T01:56:28.514Z] Command:       C:\Program Files\nodejs\node.exe C:\Users\moham\AppData\Roaming\npm\node_modules\firebase-tools\lib\bin\firebase.js init functions
[debug] [2025-04-21T01:56:28.515Z] CLI Version:   13.34.0
[debug] [2025-04-21T01:56:28.515Z] Platform:      win32
[debug] [2025-04-21T01:56:28.515Z] Node Version:  v22.14.0
[debug] [2025-04-21T01:56:28.516Z] Time:          Mon Apr 21 2025 02:56:28 GMT+0100 (GMT+01:00)
[debug] [2025-04-21T01:56:28.516Z] ----------------------------------------------------------------------
[debug] 
[debug] [2025-04-21T01:56:28.522Z] >>> [apiv2][query] GET https://firebase-public.firebaseio.com/cli.json [none]
[debug] [2025-04-21T01:56:28.586Z] > command requires scopes: ["email","openid","https://www.googleapis.com/auth/cloudplatformprojects.readonly","https://www.googleapis.com/auth/firebase","https://www.googleapis.com/auth/cloud-platform"]
[debug] [2025-04-21T01:56:28.587Z] > authorizing via signed-in user (mohamed.khatiri2006@gmail.com)
[info] 
     ######## #### ########  ######## ########     ###     ######  ########
     ##        ##  ##     ## ##       ##     ##  ##   ##  ##       ##
     ######    ##  ########  ######   ########  #########  ######  ######
     ##        ##  ##    ##  ##       ##     ## ##     ##       ## ##
     ##       #### ##     ## ######## ########  ##     ##  ######  ########

You're about to initialize a Firebase project in this directory:

  C:\Users\moham\Desktop\um6p\TpJs_Mohammed_khatiri\TP8\Coord-ChatApp

[debug] [2025-04-21T01:56:28.960Z] <<< [apiv2][status] GET https://firebase-public.firebaseio.com/cli.json 200
[debug] [2025-04-21T01:56:28.960Z] <<< [apiv2][body] GET https://firebase-public.firebaseio.com/cli.json {"cloudBuildErrorAfter":1594252800000,"cloudBuildWarnAfter":1590019200000,"defaultNode10After":1594252800000,"minVersion":"3.0.5","node8DeploysDisabledAfter":1613390400000,"node8RuntimeDisabledAfter":1615809600000,"node8WarnAfter":1600128000000}
